ERROR - 2022-03-25 01:35:44 --> Unknown column 'email' in 'where clause'
CRITICAL - 2022-03-25 01:35:44 --> Unknown column 'email' in 'where clause'
#0 C:\xampp\htdocs\faculty\system\Database\MySQLi\Connection.php(292): mysqli->query('SELECT 1\nFROM `...', 0)
#1 C:\xampp\htdocs\faculty\system\Database\BaseConnection.php(670): CodeIgniter\Database\MySQLi\Connection->execute('SELECT 1\nFROM `...')
#2 C:\xampp\htdocs\faculty\system\Database\BaseConnection.php(598): CodeIgniter\Database\BaseConnection->simpleQuery('SELECT 1\nFROM `...')
#3 C:\xampp\htdocs\faculty\system\Database\BaseBuilder.php(1455): CodeIgniter\Database\BaseConnection->query('SELECT 1\nFROM `...', Array, false)
#4 C:\xampp\htdocs\faculty\system\Validation\Rules.php(142): CodeIgniter\Database\BaseBuilder->get()
#5 C:\xampp\htdocs\faculty\system\Validation\Validation.php(292): CodeIgniter\Validation\Rules->is_unique('mabad@mailinato...', 'email', Array, NULL)
#6 C:\xampp\htdocs\faculty\system\Validation\Validation.php(157): CodeIgniter\Validation\Validation->processRules('email', 'email', 'mabad@mailinato...', Array, Array)
#7 C:\xampp\htdocs\faculty\system\Controller.php(160): CodeIgniter\Validation\Validation->run()
#8 C:\xampp\htdocs\faculty\app\Controllers\Faculties.php(25): CodeIgniter\Controller->validate(Array)
#9 C:\xampp\htdocs\faculty\system\CodeIgniter.php(832): App\Controllers\Faculties->save()
#10 C:\xampp\htdocs\faculty\system\CodeIgniter.php(419): CodeIgniter\CodeIgniter->runController(Object(App\Controllers\Faculties))
#11 C:\xampp\htdocs\faculty\system\CodeIgniter.php(326): CodeIgniter\CodeIgniter->handleRequest(NULL, Object(Config\Cache), false)
#12 C:\xampp\htdocs\faculty\public\index.php(37): CodeIgniter\CodeIgniter->run()
#13 {main}
ERROR - 2022-03-25 01:38:39 --> Unknown column 'email' in 'where clause'
CRITICAL - 2022-03-25 01:38:39 --> Unknown column 'email' in 'where clause'
#0 C:\xampp\htdocs\faculty\system\Database\MySQLi\Connection.php(292): mysqli->query('SELECT 1\nFROM `...', 0)
#1 C:\xampp\htdocs\faculty\system\Database\BaseConnection.php(670): CodeIgniter\Database\MySQLi\Connection->execute('SELECT 1\nFROM `...')
#2 C:\xampp\htdocs\faculty\system\Database\BaseConnection.php(598): CodeIgniter\Database\BaseConnection->simpleQuery('SELECT 1\nFROM `...')
#3 C:\xampp\htdocs\faculty\system\Database\BaseBuilder.php(1455): CodeIgniter\Database\BaseConnection->query('SELECT 1\nFROM `...', Array, false)
#4 C:\xampp\htdocs\faculty\system\Validation\Rules.php(142): CodeIgniter\Database\BaseBuilder->get()
#5 C:\xampp\htdocs\faculty\system\Validation\Validation.php(292): CodeIgniter\Validation\Rules->is_unique('mabad@mailinato...', 'email', Array, NULL)
#6 C:\xampp\htdocs\faculty\system\Validation\Validation.php(157): CodeIgniter\Validation\Validation->processRules('email', 'email', 'mabad@mailinato...', Array, Array)
#7 C:\xampp\htdocs\faculty\system\Controller.php(160): CodeIgniter\Validation\Validation->run()
#8 C:\xampp\htdocs\faculty\app\Controllers\Faculties.php(25): CodeIgniter\Controller->validate(Array)
#9 C:\xampp\htdocs\faculty\system\CodeIgniter.php(832): App\Controllers\Faculties->save()
#10 C:\xampp\htdocs\faculty\system\CodeIgniter.php(419): CodeIgniter\CodeIgniter->runController(Object(App\Controllers\Faculties))
#11 C:\xampp\htdocs\faculty\system\CodeIgniter.php(326): CodeIgniter\CodeIgniter->handleRequest(NULL, Object(Config\Cache), false)
#12 C:\xampp\htdocs\faculty\public\index.php(37): CodeIgniter\CodeIgniter->run()
#13 {main}
CRITICAL - 2022-03-25 01:48:07 --> Undefined variable: data
#0 C:\xampp\htdocs\faculty\app\Controllers\Faculties.php(32): CodeIgniter\Debug\Exceptions->errorHandler(8, 'Undefined varia...', 'C:\\xampp\\htdocs...', 32, Array)
#1 C:\xampp\htdocs\faculty\system\CodeIgniter.php(832): App\Controllers\Faculties->save()
#2 C:\xampp\htdocs\faculty\system\CodeIgniter.php(419): CodeIgniter\CodeIgniter->runController(Object(App\Controllers\Faculties))
#3 C:\xampp\htdocs\faculty\system\CodeIgniter.php(326): CodeIgniter\CodeIgniter->handleRequest(NULL, Object(Config\Cache), false)
#4 C:\xampp\htdocs\faculty\public\index.php(37): CodeIgniter\CodeIgniter->run()
#5 {main}
CRITICAL - 2022-03-25 01:53:17 --> Undefined variable: data
#0 C:\xampp\htdocs\faculty\app\Controllers\Faculties.php(35): CodeIgniter\Debug\Exceptions->errorHandler(8, 'Undefined varia...', 'C:\\xampp\\htdocs...', 35, Array)
#1 C:\xampp\htdocs\faculty\system\CodeIgniter.php(832): App\Controllers\Faculties->save()
#2 C:\xampp\htdocs\faculty\system\CodeIgniter.php(419): CodeIgniter\CodeIgniter->runController(Object(App\Controllers\Faculties))
#3 C:\xampp\htdocs\faculty\system\CodeIgniter.php(326): CodeIgniter\CodeIgniter->handleRequest(NULL, Object(Config\Cache), false)
#4 C:\xampp\htdocs\faculty\public\index.php(37): CodeIgniter\CodeIgniter->run()
#5 {main}
CRITICAL - 2022-03-25 01:58:55 --> Invalid file: my-form.php
#0 C:\xampp\htdocs\faculty\system\View\View.php(198): CodeIgniter\Exceptions\FrameworkException::forInvalidFile('my-form.php')
#1 C:\xampp\htdocs\faculty\system\Common.php(1089): CodeIgniter\View\View->render('my-form', Array, true)
#2 C:\xampp\htdocs\faculty\app\Controllers\Faculties.php(67): view('my-form')
#3 C:\xampp\htdocs\faculty\system\CodeIgniter.php(832): App\Controllers\Faculties->save()
#4 C:\xampp\htdocs\faculty\system\CodeIgniter.php(419): CodeIgniter\CodeIgniter->runController(Object(App\Controllers\Faculties))
#5 C:\xampp\htdocs\faculty\system\CodeIgniter.php(326): CodeIgniter\CodeIgniter->handleRequest(NULL, Object(Config\Cache), false)
#6 C:\xampp\htdocs\faculty\public\index.php(37): CodeIgniter\CodeIgniter->run()
#7 {main}
CRITICAL - 2022-03-25 02:04:55 --> Undefined variable: data
#0 C:\xampp\htdocs\faculty\app\Controllers\Faculties.php(31): CodeIgniter\Debug\Exceptions->errorHandler(8, 'Undefined varia...', 'C:\\xampp\\htdocs...', 31, Array)
#1 C:\xampp\htdocs\faculty\system\CodeIgniter.php(832): App\Controllers\Faculties->save()
#2 C:\xampp\htdocs\faculty\system\CodeIgniter.php(419): CodeIgniter\CodeIgniter->runController(Object(App\Controllers\Faculties))
#3 C:\xampp\htdocs\faculty\system\CodeIgniter.php(326): CodeIgniter\CodeIgniter->handleRequest(NULL, Object(Config\Cache), false)
#4 C:\xampp\htdocs\faculty\public\index.php(37): CodeIgniter\CodeIgniter->run()
#5 {main}
CRITICAL - 2022-03-25 02:05:02 --> Undefined variable: data
#0 C:\xampp\htdocs\faculty\app\Controllers\Faculties.php(31): CodeIgniter\Debug\Exceptions->errorHandler(8, 'Undefined varia...', 'C:\\xampp\\htdocs...', 31, Array)
#1 C:\xampp\htdocs\faculty\system\CodeIgniter.php(832): App\Controllers\Faculties->save()
#2 C:\xampp\htdocs\faculty\system\CodeIgniter.php(419): CodeIgniter\CodeIgniter->runController(Object(App\Controllers\Faculties))
#3 C:\xampp\htdocs\faculty\system\CodeIgniter.php(326): CodeIgniter\CodeIgniter->handleRequest(NULL, Object(Config\Cache), false)
#4 C:\xampp\htdocs\faculty\public\index.php(37): CodeIgniter\CodeIgniter->run()
#5 {main}
CRITICAL - 2022-03-25 02:05:09 --> Undefined variable: data
#0 C:\xampp\htdocs\faculty\app\Controllers\Faculties.php(31): CodeIgniter\Debug\Exceptions->errorHandler(8, 'Undefined varia...', 'C:\\xampp\\htdocs...', 31, Array)
#1 C:\xampp\htdocs\faculty\system\CodeIgniter.php(832): App\Controllers\Faculties->save()
#2 C:\xampp\htdocs\faculty\system\CodeIgniter.php(419): CodeIgniter\CodeIgniter->runController(Object(App\Controllers\Faculties))
#3 C:\xampp\htdocs\faculty\system\CodeIgniter.php(326): CodeIgniter\CodeIgniter->handleRequest(NULL, Object(Config\Cache), false)
#4 C:\xampp\htdocs\faculty\public\index.php(37): CodeIgniter\CodeIgniter->run()
#5 {main}
CRITICAL - 2022-03-25 02:05:16 --> Undefined variable: data
#0 C:\xampp\htdocs\faculty\app\Controllers\Faculties.php(31): CodeIgniter\Debug\Exceptions->errorHandler(8, 'Undefined varia...', 'C:\\xampp\\htdocs...', 31, Array)
#1 C:\xampp\htdocs\faculty\system\CodeIgniter.php(832): App\Controllers\Faculties->save()
#2 C:\xampp\htdocs\faculty\system\CodeIgniter.php(419): CodeIgniter\CodeIgniter->runController(Object(App\Controllers\Faculties))
#3 C:\xampp\htdocs\faculty\system\CodeIgniter.php(326): CodeIgniter\CodeIgniter->handleRequest(NULL, Object(Config\Cache), false)
#4 C:\xampp\htdocs\faculty\public\index.php(37): CodeIgniter\CodeIgniter->run()
#5 {main}
CRITICAL - 2022-03-25 02:12:54 --> Undefined variable: data
#0 C:\xampp\htdocs\faculty\app\Controllers\Faculties.php(35): CodeIgniter\Debug\Exceptions->errorHandler(8, 'Undefined varia...', 'C:\\xampp\\htdocs...', 35, Array)
#1 C:\xampp\htdocs\faculty\system\CodeIgniter.php(832): App\Controllers\Faculties->save()
#2 C:\xampp\htdocs\faculty\system\CodeIgniter.php(419): CodeIgniter\CodeIgniter->runController(Object(App\Controllers\Faculties))
#3 C:\xampp\htdocs\faculty\system\CodeIgniter.php(326): CodeIgniter\CodeIgniter->handleRequest(NULL, Object(Config\Cache), false)
#4 C:\xampp\htdocs\faculty\public\index.php(37): CodeIgniter\CodeIgniter->run()
#5 {main}
CRITICAL - 2022-03-25 02:13:28 --> Undefined variable: data
#0 C:\xampp\htdocs\faculty\app\Controllers\Faculties.php(35): CodeIgniter\Debug\Exceptions->errorHandler(8, 'Undefined varia...', 'C:\\xampp\\htdocs...', 35, Array)
#1 C:\xampp\htdocs\faculty\system\CodeIgniter.php(832): App\Controllers\Faculties->save()
#2 C:\xampp\htdocs\faculty\system\CodeIgniter.php(419): CodeIgniter\CodeIgniter->runController(Object(App\Controllers\Faculties))
#3 C:\xampp\htdocs\faculty\system\CodeIgniter.php(326): CodeIgniter\CodeIgniter->handleRequest(NULL, Object(Config\Cache), false)
#4 C:\xampp\htdocs\faculty\public\index.php(37): CodeIgniter\CodeIgniter->run()
#5 {main}
CRITICAL - 2022-03-25 02:16:13 --> Undefined variable: data
#0 C:\xampp\htdocs\faculty\app\Controllers\Faculties.php(35): CodeIgniter\Debug\Exceptions->errorHandler(8, 'Undefined varia...', 'C:\\xampp\\htdocs...', 35, Array)
#1 C:\xampp\htdocs\faculty\system\CodeIgniter.php(832): App\Controllers\Faculties->save()
#2 C:\xampp\htdocs\faculty\system\CodeIgniter.php(419): CodeIgniter\CodeIgniter->runController(Object(App\Controllers\Faculties))
#3 C:\xampp\htdocs\faculty\system\CodeIgniter.php(326): CodeIgniter\CodeIgniter->handleRequest(NULL, Object(Config\Cache), false)
#4 C:\xampp\htdocs\faculty\public\index.php(37): CodeIgniter\CodeIgniter->run()
#5 {main}
CRITICAL - 2022-03-25 02:16:23 --> Undefined variable: data
#0 C:\xampp\htdocs\faculty\app\Controllers\Faculties.php(35): CodeIgniter\Debug\Exceptions->errorHandler(8, 'Undefined varia...', 'C:\\xampp\\htdocs...', 35, Array)
#1 C:\xampp\htdocs\faculty\system\CodeIgniter.php(832): App\Controllers\Faculties->save()
#2 C:\xampp\htdocs\faculty\system\CodeIgniter.php(419): CodeIgniter\CodeIgniter->runController(Object(App\Controllers\Faculties))
#3 C:\xampp\htdocs\faculty\system\CodeIgniter.php(326): CodeIgniter\CodeIgniter->handleRequest(NULL, Object(Config\Cache), false)
#4 C:\xampp\htdocs\faculty\public\index.php(37): CodeIgniter\CodeIgniter->run()
#5 {main}
CRITICAL - 2022-03-25 02:16:31 --> Undefined variable: data
#0 C:\xampp\htdocs\faculty\app\Controllers\Faculties.php(35): CodeIgniter\Debug\Exceptions->errorHandler(8, 'Undefined varia...', 'C:\\xampp\\htdocs...', 35, Array)
#1 C:\xampp\htdocs\faculty\system\CodeIgniter.php(832): App\Controllers\Faculties->save()
#2 C:\xampp\htdocs\faculty\system\CodeIgniter.php(419): CodeIgniter\CodeIgniter->runController(Object(App\Controllers\Faculties))
#3 C:\xampp\htdocs\faculty\system\CodeIgniter.php(326): CodeIgniter\CodeIgniter->handleRequest(NULL, Object(Config\Cache), false)
#4 C:\xampp\htdocs\faculty\public\index.php(37): CodeIgniter\CodeIgniter->run()
#5 {main}
CRITICAL - 2022-03-25 02:21:08 --> Undefined property: CodeIgniter\Autoloader\Autoloader::$request
#0 C:\xampp\htdocs\faculty\app\Controllers\Faculties.php(66): CodeIgniter\Debug\Exceptions->errorHandler(8, 'Undefined prope...', 'C:\\xampp\\htdocs...', 66, Array)
#1 C:\xampp\htdocs\faculty\system\Autoloader\Autoloader.php(264): include_once('C:\\xampp\\htdocs...')
#2 C:\xampp\htdocs\faculty\system\Autoloader\Autoloader.php(241): CodeIgniter\Autoloader\Autoloader->includeFile('C:\\xampp\\htdocs...')
#3 C:\xampp\htdocs\faculty\system\Autoloader\Autoloader.php(219): CodeIgniter\Autoloader\Autoloader->loadInNamespace('App\\Controllers...')
#4 [internal function]: CodeIgniter\Autoloader\Autoloader->loadClass('App\\Controllers...')
#5 [internal function]: spl_autoload_call('App\\Controllers...')
#6 C:\xampp\htdocs\faculty\system\CodeIgniter.php(797): class_exists('\\App\\Controller...', true)
#7 C:\xampp\htdocs\faculty\system\CodeIgniter.php(406): CodeIgniter\CodeIgniter->startController()
#8 C:\xampp\htdocs\faculty\system\CodeIgniter.php(326): CodeIgniter\CodeIgniter->handleRequest(NULL, Object(Config\Cache), false)
#9 C:\xampp\htdocs\faculty\public\index.php(37): CodeIgniter\CodeIgniter->run()
#10 {main}
CRITICAL - 2022-03-25 02:48:47 --> ini_set(): Headers already sent. You cannot change the session module's ini settings at this time
#0 [internal function]: CodeIgniter\Debug\Exceptions->errorHandler(2, 'ini_set(): Head...', 'C:\\xampp\\htdocs...', 71, Array)
#1 C:\xampp\htdocs\faculty\system\Session\Handlers\FileHandler.php(71): ini_set('session.save_pa...', 'C:\\xampp\\htdocs...')
#2 C:\xampp\htdocs\faculty\system\Config\Services.php(570): CodeIgniter\Session\Handlers\FileHandler->__construct(Object(Config\App), '::1')
#3 C:\xampp\htdocs\faculty\system\Config\BaseService.php(248): CodeIgniter\Config\Services::session(Object(Config\App), false)
#4 C:\xampp\htdocs\faculty\system\Config\BaseService.php(189): CodeIgniter\Config\BaseService::__callStatic('session', Array)
#5 C:\xampp\htdocs\faculty\system\Config\Services.php(563): CodeIgniter\Config\BaseService::getSharedInstance('session', NULL)
#6 C:\xampp\htdocs\faculty\system\Config\BaseService.php(248): CodeIgniter\Config\Services::session()
#7 C:\xampp\htdocs\faculty\system\Common.php(901): CodeIgniter\Config\BaseService::__callStatic('session', Array)
#8 C:\xampp\htdocs\faculty\app\Views\my-form.php(11): session()
#9 C:\xampp\htdocs\faculty\system\View\View.php(210): include('C:\\xampp\\htdocs...')
#10 C:\xampp\htdocs\faculty\system\View\View.php(213): CodeIgniter\View\View->CodeIgniter\View\{closure}()
#11 C:\xampp\htdocs\faculty\system\Common.php(1089): CodeIgniter\View\View->render('my-form', Array, true)
#12 C:\xampp\htdocs\faculty\app\Controllers\Faculties.php(34): view('my-form', Array)
#13 C:\xampp\htdocs\faculty\system\CodeIgniter.php(832): App\Controllers\Faculties->myForm()
#14 C:\xampp\htdocs\faculty\system\CodeIgniter.php(419): CodeIgniter\CodeIgniter->runController(Object(App\Controllers\Faculties))
#15 C:\xampp\htdocs\faculty\system\CodeIgniter.php(326): CodeIgniter\CodeIgniter->handleRequest(NULL, Object(Config\Cache), false)
#16 C:\xampp\htdocs\faculty\public\index.php(37): CodeIgniter\CodeIgniter->run()
#17 {main}
CRITICAL - 2022-03-25 02:48:47 --> Uncaught ErrorException: Cannot modify header information - headers already sent by (output started at C:\xampp\htdocs\faculty\app\Config\Events.php:32) in C:\xampp\htdocs\faculty\system\Debug\Exceptions.php:112
Stack trace:
#0 [internal function]: CodeIgniter\Debug\Exceptions->errorHandler(2, 'Cannot modify h...', 'C:\\xampp\\htdocs...', 112, Array)
#1 C:\xampp\htdocs\faculty\system\Debug\Exceptions.php(112): header('HTTP/1.1 500 In...', true, 500)
#2 [internal function]: CodeIgniter\Debug\Exceptions->exceptionHandler(Object(ErrorException))
#3 {main}
  thrown
#0 [internal function]: CodeIgniter\Debug\Exceptions->shutdownHandler()
#1 {main}
CRITICAL - 2022-03-25 02:53:00 --> Invalid file: demo/index.php
#0 C:\xampp\htdocs\faculty\system\View\View.php(198): CodeIgniter\Exceptions\FrameworkException::forInvalidFile('demo/index.php')
#1 C:\xampp\htdocs\faculty\system\Common.php(1089): CodeIgniter\View\View->render('demo/index', Array, true)
#2 C:\xampp\htdocs\faculty\app\Controllers\Demo.php(14): view('demo/index')
#3 C:\xampp\htdocs\faculty\system\CodeIgniter.php(832): App\Controllers\Demo->index()
#4 C:\xampp\htdocs\faculty\system\CodeIgniter.php(419): CodeIgniter\CodeIgniter->runController(Object(App\Controllers\Demo))
#5 C:\xampp\htdocs\faculty\system\CodeIgniter.php(326): CodeIgniter\CodeIgniter->handleRequest(NULL, Object(Config\Cache), false)
#6 C:\xampp\htdocs\faculty\public\index.php(37): CodeIgniter\CodeIgniter->run()
#7 {main}
CRITICAL - 2022-03-25 02:53:31 --> Invalid file: demo/success.php
#0 C:\xampp\htdocs\faculty\system\View\View.php(198): CodeIgniter\Exceptions\FrameworkException::forInvalidFile('demo/success.ph...')
#1 C:\xampp\htdocs\faculty\system\Common.php(1089): CodeIgniter\View\View->render('demo/success', Array, true)
#2 C:\xampp\htdocs\faculty\app\Controllers\Demo.php(26): view('demo/success', Array)
#3 C:\xampp\htdocs\faculty\system\CodeIgniter.php(832): App\Controllers\Demo->doUpload()
#4 C:\xampp\htdocs\faculty\system\CodeIgniter.php(419): CodeIgniter\CodeIgniter->runController(Object(App\Controllers\Demo))
#5 C:\xampp\htdocs\faculty\system\CodeIgniter.php(326): CodeIgniter\CodeIgniter->handleRequest(NULL, Object(Config\Cache), false)
#6 C:\xampp\htdocs\faculty\public\index.php(37): CodeIgniter\CodeIgniter->run()
#7 {main}
